[0m
[0m [0m [0m [0m [0m [0m [0m [0m [0m [0m [0m [0m [0m [0m [0m [0m [0m [0m [0m [0m [0m [0m [0m [0m [0m [0m [0m [0m [0m [0m [0m [0m [0m [0m [0m [0m [0m [0m [0m [0m [0m [0m [0m [0m [0m [0m [0m [0m [0m [0m [0m [0m [0m [0m [0m [0m [0m [0m [0m [48;5;255m [48;5;255m [0m [0m [0m [0m [0m [0m [0m [0m [0m [0m [0m [0m
[0m [0m [0m [0m [0m [0m [0m [0m [0m [0m [0m [0m [0m [0m [0m [0m [0m [0m [0m [0m [0m [0m [0m [0m [0m [0m [0m [0m [0m [0m [0m [0m [0m [0m [0m [0m [0m [0m [0m [0m [0m [0m [0m [0m [0m [0m [0m [0m [0m [0m [0m [0m [0m [0m [0m [0m [0m [0m [0m [48;5;255m [48;5;255m [0m [0m [0m [0m [0m [0m [0m [0m [0m [0m [0m [0m
[0m [0m [0m [0m [0m [0m [0m [0m [0m [0m [0m [0m [0m [0m [0m [0m [0m [0m [0m [0m [0m [0m [0m [0m [0m [0m [0m [0m [0m [0m [0m [0m [0m [0m [0m [0m [0m [0m [0m [0m [0m [0m [0m [0m [0m [0m [0m [0m [0m [0m [0m [0m [0m [0m [0m [0m [0m [0m [0m [48;5;255m [48;5;255m [0m [0m [0m [0m [0m [0m [0m [0m [0m [0m [0m [0m
[48;5;255m [48;5;255m [48;5;255m [48;5;255m [48;5;255m [48;5;255m [48;5;255m [0m [0m [48;5;255m [48;5;255m [48;5;255m [48;5;255m [48;5;255m [48;5;255m [48;5;255m [48;5;255m [0m [0m [48;5;255m [48;5;255m [48;5;255m [48;5;255m [48;5;255m [48;5;255m [48;5;255m [48;5;255m [48;5;255m [48;5;255m [48;5;255m [48;5;255m [0m [0m [48;5;255m [48;5;255m [48;5;255m [48;5;255m [48;5;255m [48;5;255m [48;5;255m [48;5;255m [0m [0m [48;5;255m [48;5;255m [48;5;255m [48;5;255m [48;5;255m [48;5;255m [48;5;255m [48;5;255m [0m [0m [48;5;255m [48;5;255m [48;5;255m [48;5;255m [48;5;255m [48;5;255m [48;5;255m [48;5;255m [0m [0m [48;5;255m [48;5;255m [48;5;255m [48;5;255m [48;5;255m [48;5;255m [48;5;255m [48;5;255m [0m [0m [48;5;255m [48;5;255m [48;5;255m [48;5;255m [48;5;255m [48;5;255m [48;5;255m [48;5;255m [0m
[48;5;255m [48;5;255m [0m [0m [0m [0m [0m [0m [0m [48;5;255m [48;5;255m [0m [0m [0m [0m [48;5;255m [48;5;255m [0m [0m [48;5;255m [48;5;255m [0m [0m [0m [48;5;255m [48;5;255m [0m [0m [0m [48;5;255m [48;5;255m [0m [0m [48;5;255m [48;5;255m [0m [0m [0m [0m [48;5;255m [48;5;255m [0m [0m [48;5;255m [48;5;255m [0m [0m [0m [0m [48;5;255m [48;5;255m [0m [0m [48;5;255m [48;5;255m [0m [0m [0m [0m [48;5;255m [48;5;255m [0m [0m [48;5;255m [48;5;255m [0m [0m [0m [0m [48;5;255m [48;5;255m [0m [0m [48;5;255m [48;5;255m [0m
[48;5;255m [48;5;255m [0m [0m [0m [0m [0m [0m [0m [48;5;255m [48;5;255m [0m [0m [0m [0m [48;5;255m [48;5;255m [0m [0m [48;5;255m [48;5;255m [0m [0m [0m [48;5;255m [48;5;255m [0m [0m [0m [48;5;255m [48;5;255m [0m [0m [48;5;255m [48;5;255m [0m [0m [0m [0m [48;5;255m [48;5;255m [0m [0m [48;5;255m [48;5;255m [0m [0m [0m [0m [48;5;255m [48;5;255m [0m [0m [48;5;255m [48;5;255m [0m [0m [0m [0m [48;5;255m [48;5;255m [0m [0m [48;5;255m [48;5;255m [0m [0m [0m [0m [48;5;255m [48;5;255m [0m [0m [48;5;255m [48;5;255m [0m
[48;5;255m [48;5;255m [0m [0m [0m [0m [0m [0m [0m [48;5;255m [48;5;255m [0m [0m [0m [0m [48;5;255m [48;5;255m [0m [0m [48;5;255m [48;5;255m [0m [0m [0m [48;5;255m [48;5;255m [0m [0m [0m [48;5;255m [48;5;255m [0m [0m [48;5;255m [48;5;255m [0m [0m [0m [0m [48;5;255m [48;5;255m [0m [0m [48;5;255m [48;5;255m [0m [0m [0m [0m [48;5;255m [48;5;255m [0m [0m [48;5;255m [48;5;255m [0m [0m [0m [0m [48;5;255m [48;5;255m [0m [0m [48;5;255m [48;5;255m [0m [0m [0m [0m [48;5;255m [48;5;255m [0m [0m [48;5;255m [48;5;255m [0m
[48;5;255m [48;5;255m [48;5;255m [48;5;255m [48;5;255m [48;5;255m [48;5;255m [0m [0m [48;5;255m [48;5;255m [48;5;255m [48;5;255m [48;5;255m [48;5;255m [48;5;255m [48;5;255m [0m [0m [48;5;255m [48;5;255m [0m [0m [0m [48;5;255m [48;5;255m [0m [0m [0m [48;5;255m [48;5;255m [0m [0m [48;5;255m [48;5;255m [48;5;255m [48;5;255m [48;5;255m [48;5;255m [48;5;255m [48;5;255m [0m [0m [48;5;255m [48;5;255m [48;5;255m [48;5;255m [48;5;255m [48;5;255m [48;5;255m [48;5;255m [0m [0m [48;5;255m [48;5;255m [48;5;255m [48;5;255m [48;5;255m [48;5;255m [48;5;255m [48;5;255m [0m [0m [48;5;255m [48;5;255m [48;5;255m [48;5;255m [48;5;255m [48;5;255m [48;5;255m [48;5;255m [0m [0m [48;5;255m [48;5;255m [48;5;255m [48;5;255m [48;5;255m [48;5;255m [48;5;255m [48;5;255m [0m
[0m [0m [0m [0m [0m [0m [0m [0m [0m [0m [0m [0m [0m [0m [0m [0m [0m [0m [0m [0m [0m [0m [0m [0m [0m [0m [0m [0m [0m [0m [0m [0m [0m [48;5;255m [48;5;255m [0m [0m [0m [0m [0m [0m [0m [0m [0m [0m [0m [0m
[0m [0m [0m [0m [0m [0m [0m [0m [0m [0m [0m [0m [0m [0m [0m [0m [0m [0m [0m [0m [0m [0m [0m [0m [0m [0m [0m [0m [0m [0m [0m [0m [0m [48;5;255m [48;5;255m [0m [0m [0m [0m [0m [0m [0m [0m [0m [0m [0m [0m
[0m [0m [0m [0m [0m [0m [0m [0m [0m [0m [0m [0m [0m [0m [0m [0m [0m [0m [0m [0m [0m [0m [0m [0m [0m [0m [0m [0m [0m [0m [0m [0m [0m [48;5;255m [48;5;255m [0m [0m [0m [0m [0m [0m [0m [0m [0m [0m [0m [0m

1.1.11

TypeScript version used by Compodoc : 2.9.1

TypeScript version of current project : 4.3.2

Node.js version : v14.16.1

Operating system : macOS Big Sur

[15:53:02] No configuration file found, switching to CLI flags.
[15:53:02] Using tsconfig file : /Users/mariavargas/Documents/repositorios/04-cursos/angular/poc-chromatic/storybook-chromatic/tsconfig.json
[15:53:02] Including      : /Users/mariavargas/Documents/repositorios/04-cursos/angular/poc-chromatic/storybook-chromatic/.browserslistrc
[15:53:02] Including      : /Users/mariavargas/Documents/repositorios/04-cursos/angular/poc-chromatic/storybook-chromatic/.DS_Store
[15:53:02] Including      : /Users/mariavargas/Documents/repositorios/04-cursos/angular/poc-chromatic/storybook-chromatic/.gitignore
[15:53:02] Including      : /Users/mariavargas/Documents/repositorios/04-cursos/angular/poc-chromatic/storybook-chromatic/CHANGELOG.md
[15:53:02] Including      : /Users/mariavargas/Documents/repositorios/04-cursos/angular/poc-chromatic/storybook-chromatic/CONTRIBUTING.md
[15:53:02] Including      : /Users/mariavargas/Documents/repositorios/04-cursos/angular/poc-chromatic/storybook-chromatic/LICENSE.md
[15:53:02] Including      : /Users/mariavargas/Documents/repositorios/04-cursos/angular/poc-chromatic/storybook-chromatic/README.md
[15:53:02] Including      : /Users/mariavargas/Documents/repositorios/04-cursos/angular/poc-chromatic/storybook-chromatic/TODO.md 
[15:53:02] Including      : /Users/mariavargas/Documents/repositorios/04-cursos/angular/poc-chromatic/storybook-chromatic/angular.json
[15:53:02] Including      : /Users/mariavargas/Documents/repositorios/04-cursos/angular/poc-chromatic/storybook-chromatic/documentation.json
[15:53:02] Including      : /Users/mariavargas/Documents/repositorios/04-cursos/angular/poc-chromatic/storybook-chromatic/build-storybook.log
[15:53:02] Including      : /Users/mariavargas/Documents/repositorios/04-cursos/angular/poc-chromatic/storybook-chromatic/karma.conf.js
[15:53:02] Including      : /Users/mariavargas/Documents/repositorios/04-cursos/angular/poc-chromatic/storybook-chromatic/package.json
[15:53:02] Including      : /Users/mariavargas/Documents/repositorios/04-cursos/angular/poc-chromatic/storybook-chromatic/package-lock.json
[15:53:02] Including      : /Users/mariavargas/Documents/repositorios/04-cursos/angular/poc-chromatic/storybook-chromatic/tsconfig.app.json
[15:53:02] Including      : /Users/mariavargas/Documents/repositorios/04-cursos/angular/poc-chromatic/storybook-chromatic/tsconfig.json
[15:53:02] Including      : /Users/mariavargas/Documents/repositorios/04-cursos/angular/poc-chromatic/storybook-chromatic/.editorconfig
[15:53:02] Including      : /Users/mariavargas/Documents/repositorios/04-cursos/angular/poc-chromatic/storybook-chromatic/tsconfig.spec.json
[15:53:02] Including      : /Users/mariavargas/Documents/repositorios/04-cursos/angular/poc-chromatic/storybook-chromatic/yarn.lock
[15:53:02] Including      : /Users/mariavargas/Documents/repositorios/04-cursos/angular/poc-chromatic/storybook-chromatic/.storybook/preview.js
[15:53:02] Ignoring       : /Users/mariavargas/Documents/repositorios/04-cursos/angular/poc-chromatic/storybook-chromatic/.storybook/typings.d.ts
[15:53:02] Including      : /Users/mariavargas/Documents/repositorios/04-cursos/angular/poc-chromatic/storybook-chromatic/.storybook/tsconfig.json
[15:53:02] Including      : /Users/mariavargas/Documents/repositorios/04-cursos/angular/poc-chromatic/storybook-chromatic/src/favicon.ico
[15:53:02] Including      : /Users/mariavargas/Documents/repositorios/04-cursos/angular/poc-chromatic/storybook-chromatic/src/main.ts
[15:53:02] Including      : /Users/mariavargas/Documents/repositorios/04-cursos/angular/poc-chromatic/storybook-chromatic/src/index.html
[15:53:02] Including      : /Users/mariavargas/Documents/repositorios/04-cursos/angular/poc-chromatic/storybook-chromatic/src/polyfills.ts
[15:53:02] Including      : /Users/mariavargas/Documents/repositorios/04-cursos/angular/poc-chromatic/storybook-chromatic/src/test.ts
[15:53:02] Including      : /Users/mariavargas/Documents/repositorios/04-cursos/angular/poc-chromatic/storybook-chromatic/src/styles.scss
[15:53:02] Including      : /Users/mariavargas/Documents/repositorios/04-cursos/angular/poc-chromatic/storybook-chromatic/.storybook/main.js
[15:53:02] Including      : /Users/mariavargas/Documents/repositorios/04-cursos/angular/poc-chromatic/storybook-chromatic/src/app/app.component.html
[15:53:02] Ignoring       : /Users/mariavargas/Documents/repositorios/04-cursos/angular/poc-chromatic/storybook-chromatic/src/app/app.component.spec.ts
[15:53:02] Including      : /Users/mariavargas/Documents/repositorios/04-cursos/angular/poc-chromatic/storybook-chromatic/src/app/app.component.ts
[15:53:02] Including      : /Users/mariavargas/Documents/repositorios/04-cursos/angular/poc-chromatic/storybook-chromatic/src/app/app.module.ts
[15:53:02] Including      : /Users/mariavargas/Documents/repositorios/04-cursos/angular/poc-chromatic/storybook-chromatic/src/environments/environment.prod.ts
[15:53:02] Including      : /Users/mariavargas/Documents/repositorios/04-cursos/angular/poc-chromatic/storybook-chromatic/src/environments/environment.ts
[15:53:02] Including      : /Users/mariavargas/Documents/repositorios/04-cursos/angular/poc-chromatic/storybook-chromatic/src/assets/.gitkeep
[15:53:02] Including      : /Users/mariavargas/Documents/repositorios/04-cursos/angular/poc-chromatic/storybook-chromatic/src/stories/Button.stories.ts
[15:53:02] Including      : /Users/mariavargas/Documents/repositorios/04-cursos/angular/poc-chromatic/storybook-chromatic/src/app/app.component.scss
[15:53:02] Including      : /Users/mariavargas/Documents/repositorios/04-cursos/angular/poc-chromatic/storybook-chromatic/src/stories/Introduction.stories.mdx
[15:53:02] Including      : /Users/mariavargas/Documents/repositorios/04-cursos/angular/poc-chromatic/storybook-chromatic/src/stories/Header.stories.ts
[15:53:02] Including      : /Users/mariavargas/Documents/repositorios/04-cursos/angular/poc-chromatic/storybook-chromatic/src/stories/Page.stories.ts
[15:53:02] Including      : /Users/mariavargas/Documents/repositorios/04-cursos/angular/poc-chromatic/storybook-chromatic/src/stories/button.css
[15:53:02] Including      : /Users/mariavargas/Documents/repositorios/04-cursos/angular/poc-chromatic/storybook-chromatic/src/stories/button.component.ts
[15:53:02] Including      : /Users/mariavargas/Documents/repositorios/04-cursos/angular/poc-chromatic/storybook-chromatic/src/stories/header.component.ts
[15:53:02] Including      : /Users/mariavargas/Documents/repositorios/04-cursos/angular/poc-chromatic/storybook-chromatic/src/stories/header.css
[15:53:02] Including      : /Users/mariavargas/Documents/repositorios/04-cursos/angular/poc-chromatic/storybook-chromatic/src/stories/page.component.ts
[15:53:02] Including      : /Users/mariavargas/Documents/repositorios/04-cursos/angular/poc-chromatic/storybook-chromatic/src/stories/page.css
[15:53:02] Including      : /Users/mariavargas/Documents/repositorios/04-cursos/angular/poc-chromatic/storybook-chromatic/src/stories/assets/code-brackets.svg
[15:53:02] Including      : /Users/mariavargas/Documents/repositorios/04-cursos/angular/poc-chromatic/storybook-chromatic/src/stories/assets/colors.svg
[15:53:02] Including      : /Users/mariavargas/Documents/repositorios/04-cursos/angular/poc-chromatic/storybook-chromatic/src/stories/assets/direction.svg
[15:53:02] Including      : /Users/mariavargas/Documents/repositorios/04-cursos/angular/poc-chromatic/storybook-chromatic/src/stories/assets/flow.svg
[15:53:02] Including      : /Users/mariavargas/Documents/repositorios/04-cursos/angular/poc-chromatic/storybook-chromatic/src/stories/assets/plugin.svg
[15:53:02] Including      : /Users/mariavargas/Documents/repositorios/04-cursos/angular/poc-chromatic/storybook-chromatic/src/stories/assets/repo.svg
[15:53:02] Including      : /Users/mariavargas/Documents/repositorios/04-cursos/angular/poc-chromatic/storybook-chromatic/src/stories/assets/stackalt.svg
[15:53:02] Including      : /Users/mariavargas/Documents/repositorios/04-cursos/angular/poc-chromatic/storybook-chromatic/src/stories/assets/comments.svg
[15:53:02] Searching package.json file
[15:53:02] package.json file found
[15:53:02] Processing package.json dependencies
[15:53:02] Searching README.md, CHANGELOG.md, CONTRIBUTING.md, LICENSE.md, TODO.md files
[15:53:03] README.md file found
[15:53:03] CHANGELOG.md file found
[15:53:03] CONTRIBUTING.md file found
[15:53:03] LICENSE.md file found
[15:53:03] Error during /Users/mariavargas/Documents/repositorios/04-cursos/angular/poc-chromatic/storybook-chromatic/TODO read
[15:53:03] Continuing without TODO.md file
[15:53:03] Get dependencies data
[15:53:03] parsing        : /Users/mariavargas/Documents/repositorios/04-cursos/angular/poc-chromatic/storybook-chromatic/src/main.ts
[15:53:03] parsing        : /Users/mariavargas/Documents/repositorios/04-cursos/angular/poc-chromatic/storybook-chromatic/src/polyfills.ts
[15:53:03] parsing        : /Users/mariavargas/Documents/repositorios/04-cursos/angular/poc-chromatic/storybook-chromatic/src/test.ts
[15:53:03] parsing        : /Users/mariavargas/Documents/repositorios/04-cursos/angular/poc-chromatic/storybook-chromatic/src/app/app.component.ts
[15:53:03] found          : AppComponent
[15:53:03] parsing        : /Users/mariavargas/Documents/repositorios/04-cursos/angular/poc-chromatic/storybook-chromatic/src/app/app.module.ts
[15:53:03] found          : AppModule
[15:53:03]                : - imports:
[15:53:03]                : 	- BrowserModule
[15:53:03]                : - declarations:
[15:53:03]                : 	- AppComponent
[15:53:03]                : - bootstrap:
[15:53:03]                : 	- AppComponent
[15:53:03] parsing        : /Users/mariavargas/Documents/repositorios/04-cursos/angular/poc-chromatic/storybook-chromatic/src/environments/environment.prod.ts
[15:53:03] parsing        : /Users/mariavargas/Documents/repositorios/04-cursos/angular/poc-chromatic/storybook-chromatic/src/environments/environment.ts
[15:53:03] parsing        : /Users/mariavargas/Documents/repositorios/04-cursos/angular/poc-chromatic/storybook-chromatic/src/stories/Button.stories.ts
[15:53:03] parsing        : /Users/mariavargas/Documents/repositorios/04-cursos/angular/poc-chromatic/storybook-chromatic/src/stories/Header.stories.ts
[15:53:03] parsing        : /Users/mariavargas/Documents/repositorios/04-cursos/angular/poc-chromatic/storybook-chromatic/src/stories/Page.stories.ts
[15:53:03] parsing        : /Users/mariavargas/Documents/repositorios/04-cursos/angular/poc-chromatic/storybook-chromatic/src/stories/button.component.ts
[15:53:03] found          : ButtonComponent
[15:53:03] parsing        : /Users/mariavargas/Documents/repositorios/04-cursos/angular/poc-chromatic/storybook-chromatic/src/stories/header.component.ts
[15:53:03] found          : HeaderComponent
[15:53:03] parsing        : /Users/mariavargas/Documents/repositorios/04-cursos/angular/poc-chromatic/storybook-chromatic/src/stories/page.component.ts
[15:53:03] found          : PageComponent
[15:53:03] -------------------
[15:53:03] Project statistics 
[15:53:03] - files      : 53
[15:53:03] - module     : 1
[15:53:03] - component  : 4
[15:53:03] -------------------
[15:53:03] Prepare components
[15:53:03]  AppComponent has a templateUrl, include it
[15:53:03]  AppComponent has styleUrls, include them
[15:53:03]  ButtonComponent has styleUrls, include them
[15:53:03]  HeaderComponent has styleUrls, include them
[15:53:03]  PageComponent has styleUrls, include them
[15:53:03] Prepare modules
[15:53:03] Prepare miscellaneous
[15:53:03] Process documentation coverage report
[15:53:03] Generating documentation in export format json
[15:53:03] Documentation generated in ./ in 0.294 seconds
info @storybook/angular v6.3.2
info 
info => Cleaning outputDir: /var/folders/n3/1p2ss0v945d8n5p1sp05kjvw0000gn/T/chromatic--6689-37AfsEEssCf0
info => Loading presets
info => Compiling preview..
info => Loading 1 config file in "/Users/mariavargas/Documents/repositorios/04-cursos/angular/poc-chromatic/storybook-chromatic/.storybook"
info => Loading 9 other files in "/Users/mariavargas/Documents/repositorios/04-cursos/angular/poc-chromatic/storybook-chromatic/.storybook"
info => Adding stories defined in "/Users/mariavargas/Documents/repositorios/04-cursos/angular/poc-chromatic/storybook-chromatic/.storybook/main.js"
info => Found custom tsconfig.json
info => Using implicit CSS loaders
info => Loading angular-cli config
info => Using angular project "storybook-chromatic:build" for configuring Storybook
info => Using angular-cli webpack config
info => Using default Webpack5 setup
<s> [webpack.Progress] 0% 

<s> [webpack.Progress] 1% setup initialize
<s> [webpack.Progress] 1% setup initialize HtmlWebpackPlugin
<s> [webpack.Progress] 1% setup initialize
<s> [webpack.Progress] 2% setup before run
<s> [webpack.Progress] 2% setup before run NodeEnvironmentPlugin
<s> [webpack.Progress] 2% setup before run
<s> [webpack.Progress] 3% setup run
<s> [webpack.Progress] 3% setup run fork-ts-checker-webpack-plugin
<s> [webpack.Progress] 3% setup run
<s> [webpack.Progress] 4% setup normal module factory
<s> [webpack.Progress] 4% setup normal module factory CaseSensitivePathsPlugin
<s> [webpack.Progress] 4% setup normal module factory
<s> [webpack.Progress] 5% setup context module factory
<s> [webpack.Progress] 5% setup context module factory ContextReplacementPlugin
<s> [webpack.Progress] 5% setup context module factory ContextReplacementPlugin
<s> [webpack.Progress] 5% setup context module factory
<s> [webpack.Progress] 6% setup before compile
<s> [webpack.Progress] 6% setup before compile ProgressPlugin
<s> [webpack.Progress] 6% setup before compile
<s> [webpack.Progress] 7% setup compile
<s> [webpack.Progress] 7% setup compile fork-ts-checker-webpack-plugin
Starting type checking service...
<s> [webpack.Progress] 7% setup compile ExternalsPlugin
<s> [webpack.Progress] 7% setup compile
<s> [webpack.Progress] 8% setup compilation
<s> [webpack.Progress] 8% setup compilation CopyPlugin
<s> [webpack.Progress] 8% setup compilation ArrayPushCallbackChunkFormatPlugin
<s> [webpack.Progress] 8% setup compilation JsonpChunkLoadingPlugin
<s> [webpack.Progress] 8% setup compilation StartupChunkDependenciesPlugin
<s> [webpack.Progress] 8% setup compilation ImportScriptsChunkLoadingPlugin
<s> [webpack.Progress] 8% setup compilation FetchCompileWasmPlugin
<s> [webpack.Progress] 8% setup compilation FetchCompileAsyncWasmPlugin
<s> [webpack.Progress] 8% setup compilation WorkerPlugin
<s> [webpack.Progress] 8% setup compilation SplitChunksPlugin
<s> [webpack.Progress] 8% setup compilation RuntimeChunkPlugin
<s> [webpack.Progress] 8% setup compilation ResolverCachePlugin
<s> [webpack.Progress] 8% setup compilation HtmlWebpackPlugin
<s> [webpack.Progress] 8% setup compilation
<s> [webpack.Progress] 9% setup compilation
<s> [webpack.Progress] 9% setup compilation AnyComponentStyleBudgetChecker
<s> [webpack.Progress] 9% setup compilation DedupeModuleResolvePlugin
<s> [webpack.Progress] 9% setup compilation DefinePlugin
<s> [webpack.Progress] 9% setup compilation ProgressPlugin
<s> [webpack.Progress] 9% setup compilation ChunkPrefetchPreloadPlugin
<s> [webpack.Progress] 9% setup compilation SourceMapDevToolPlugin
<s> [webpack.Progress] 9% setup compilation JavascriptModulesPlugin
<s> [webpack.Progress] 9% setup compilation JsonModulesPlugin
<s> [webpack.Progress] 9% setup compilation AssetModulesPlugin
<s> [webpack.Progress] 9% setup compilation EntryPlugin
<s> [webpack.Progress] 9% setup compilation EntryPlugin
<s> [webpack.Progress] 9% setup compilation EntryPlugin
<s> [webpack.Progress] 9% setup compilation EntryPlugin
<s> [webpack.Progress] 9% setup compilation EntryPlugin
<s> [webpack.Progress] 9% setup compilation EntryPlugin
<s> [webpack.Progress] 9% setup compilation EntryPlugin
<s> [webpack.Progress] 9% setup compilation EntryPlugin
<s> [webpack.Progress] 9% setup compilation EntryPlugin
<s> [webpack.Progress] 9% setup compilation EntryPlugin
<s> [webpack.Progress] 9% setup compilation EntryPlugin
<s> [webpack.Progress] 9% setup compilation EntryPlugin
<s> [webpack.Progress] 9% setup compilation EntryPlugin
<s> [webpack.Progress] 9% setup compilation EntryPlugin
<s> [webpack.Progress] 9% setup compilation EntryPlugin
<s> [webpack.Progress] 9% setup compilation RuntimePlugin
<s> [webpack.Progress] 9% setup compilation InferAsyncModulesPlugin
<s> [webpack.Progress] 9% setup compilation DataUriPlugin
<s> [webpack.Progress] 9% setup compilation FileUriPlugin
<s> [webpack.Progress] 9% setup compilation CompatibilityPlugin
<s> [webpack.Progress] 9% setup compilation HarmonyModulesPlugin
<s> [webpack.Progress] 9% setup compilation AMDPlugin
<s> [webpack.Progress] 9% setup compilation RequireJsStuffPlugin
<s> [webpack.Progress] 9% setup compilation CommonJsPlugin
<s> [webpack.Progress] 9% setup compilation LoaderPlugin
<s> [webpack.Progress] 9% setup compilation LoaderPlugin
<s> [webpack.Progress] 9% setup compilation NodeStuffPlugin
<s> [webpack.Progress] 9% setup compilation APIPlugin
<s> [webpack.Progress] 9% setup compilation ExportsInfoApiPlugin
<s> [webpack.Progress] 9% setup compilation WebpackIsIncludedPlugin
<s> [webpack.Progress] 9% setup compilation ConstPlugin
<s> [webpack.Progress] 9% setup compilation UseStrictPlugin
<s> [webpack.Progress] 9% setup compilation RequireIncludePlugin
<s> [webpack.Progress] 9% setup compilation RequireEnsurePlugin
<s> [webpack.Progress] 9% setup compilation RequireContextPlugin
<s> [webpack.Progress] 9% setup compilation ImportPlugin
<s> [webpack.Progress] 9% setup compilation SystemPlugin
<s> [webpack.Progress] 9% setup compilation ImportMetaPlugin
<s> [webpack.Progress] 9% setup compilation URLPlugin
<s> [webpack.Progress] 9% setup compilation DefaultStatsFactoryPlugin
<s> [webpack.Progress] 9% setup compilation DefaultStatsPresetPlugin
<s> [webpack.Progress] 9% setup compilation DefaultStatsPrinterPlugin
<s> [webpack.Progress] 9% setup compilation JavascriptMetaInfoPlugin
<s> [webpack.Progress] 9% setup compilation EnsureChunkConditionsPlugin
<s> [webpack.Progress] 9% setup compilation RemoveEmptyChunksPlugin
<s> [webpack.Progress] 9% setup compilation MergeDuplicateChunksPlugin
<s> [webpack.Progress] 9% setup compilation FlagIncludedChunksPlugin
<s> [webpack.Progress] 9% setup compilation SideEffectsFlagPlugin
<s> [webpack.Progress] 9% setup compilation FlagDependencyExportsPlugin
<s> [webpack.Progress] 9% setup compilation FlagDependencyUsagePlugin
<s> [webpack.Progress] 9% setup compilation InnerGraphPlugin
<s> [webpack.Progress] 9% setup compilation MangleExportsPlugin
<s> [webpack.Progress] 9% setup compilation ModuleConcatenationPlugin
<s> [webpack.Progress] 9% setup compilation NoEmitOnErrorsPlugin
<s> [webpack.Progress] 9% setup compilation RealContentHashPlugin
<s> [webpack.Progress] 9% setup compilation WasmFinalizeExportsPlugin
<s> [webpack.Progress] 9% setup compilation DeterministicModuleIdsPlugin
<s> [webpack.Progress] 9% setup compilation DeterministicChunkIdsPlugin
<s> [webpack.Progress] 9% setup compilation DefinePlugin
<s> [webpack.Progress] 9% setup compilation TerserPlugin
<s> [webpack.Progress] 9% setup compilation TemplatedPathPlugin
<s> [webpack.Progress] 9% setup compilation RecordIdsPlugin
<s> [webpack.Progress] 9% setup compilation WarnCaseSensitiveModulesPlugin
<s> [webpack.Progress] 9% setup compilation IgnoreWarningsPlugin
<s> [webpack.Progress] 9% setup compilation
<s> [webpack.Progress] 10% building
<s> [webpack.Progress] 10% building 0/1 entries 0/0 dependencies 0/0 modules
<s> [webpack.Progress] 10% building import loader ./node_modules/babel-loader/lib/index.js
<s> [webpack.Progress] 10% building 0/15 entries 3/15 dependencies 0/3 modules
<s> [webpack.Progress] 10% building 0/15 entries 15/16 dependencies 0/15 modules
<s> [webpack.Progress] 10% building import loader ./node_modules/style-loader/dist/cjs.js
<s> [webpack.Progress] 10% building import loader ./node_modules/css-loader/dist/cjs.js
<s> [webpack.Progress] 10% building import loader ./node_modules/@angular-devkit/build-angular/node_modules/postcss-loader/dist/cjs.js
<s> [webpack.Progress] 10% building import loader ./node_modules/resolve-url-loader/index.js
<s> [webpack.Progress] 10% building import loader ./node_modules/sass-loader/dist/cjs.js
<s> [webpack.Progress] 10% building 0/15 entries 15/36 dependencies 0/15 modules
<s> [webpack.Progress] 10% building 0/15 entries 16/49 dependencies 0/16 modules
<s> [webpack.Progress] 10% building 0/15 entries 69/144 dependencies 5/43 modules
<s> [webpack.Progress] 10% building import loader ./node_modules/@mdx-js/loader/index.js
<s> [webpack.Progress] 10% building 0/15 entries 136/219 dependencies 10/86 modules
<s> [webpack.Progress] 13% building 1/15 entries 136/219 dependencies 10/86 modules
<s> [webpack.Progress] 13% building import loader ./node_modules/@storybook/angular/node_modules/ts-loader/index.js
<s> [webpack.Progress] 13% building import loader ./node_modules/@storybook/angular/dist/ts3.9/server/ngx-template-loader/index.js
<s> [webpack.Progress] 13% building import loader ./node_modules/@storybook/source-loader/dist/cjs/index.js
<s> [webpack.Progress] 13% building 1/15 entries 159/220 dependencies 11/90 modules
<s> [webpack.Progress] 13% building 1/15 entries 173/227 dependencies 12/104 modules
<s> [webpack.Progress] 13% building 1/15 entries 196/471 dependencies 13/121 modules
<s> [webpack.Progress] 13% building 1/15 entries 300/586 dependencies 14/190 modules
<s> [webpack.Progress] 13% building 1/15 entries 550/586 dependencies 16/255 modules
<s> [webpack.Progress] 13% building 1/15 entries 700/895 dependencies 21/268 modules
[BABEL] Note: The code generator has deoptimised the styling of /Users/mariavargas/Documents/repositorios/04-cursos/angular/poc-chromatic/storybook-chromatic/node_modules/prettier/standalone.js as it exceeds the max of 500KB.
<s> [webpack.Progress] 13% building 1/15 entries 747/900 dependencies 21/270 modules
<s> [webpack.Progress] 17% building 2/15 entries 969/1092 dependencies 55/299 modules
<s> [webpack.Progress] 17% building 2/15 entries 1088/1200 dependencies 72/319 modules
<s> [webpack.Progress] 17% building 2/15 entries 1441/1485 dependencies 149/400 modules
<s> [webpack.Progress] 17% building import loader ./node_modules/raw-loader/dist/cjs.js
<s> [webpack.Progress] 17% building 2/15 entries 1647/1705 dependencies 266/429 modules
<s> [webpack.Progress] 17% building 2/15 entries 1963/2100 dependencies 289/489 modules
<s> [webpack.Progress] 17% building 2/15 entries 2000/2116 dependencies 293/497 modules
<s> [webpack.Progress] 17% building 2/15 entries 2695/2800 dependencies 366/630 modules
<s> [webpack.Progress] 17% building 2/15 entries 2927/3072 dependencies 400/785 modules
<s> [webpack.Progress] 17% building 2/15 entries 3100/3199 dependencies 425/865 modules
<s> [webpack.Progress] 17% building 2/15 entries 3372/3464 dependencies 500/914 modules
<s> [webpack.Progress] 17% building 2/15 entries 3800/3984 dependencies 641/998 modules
<s> [webpack.Progress] 19% building 2/15 entries 4318/4400 dependencies 839/1120 modules
<s> [webpack.Progress] 20% building 2/15 entries 4579/4700 dependencies 986/1180 modules
<s> [webpack.Progress] 22% building 3/15 entries 4932/4996 dependencies 1126/1252 modules
<s> [webpack.Progress] 24% building 4/15 entries 4932/4996 dependencies 1127/1252 modules
<s> [webpack.Progress] 28% building 5/15 entries 4932/4996 dependencies 1128/1252 modules
<s> [webpack.Progress] 32% building 6/15 entries 4932/4996 dependencies 1129/1252 modules
<s> [webpack.Progress] 35% building 7/15 entries 4932/4996 dependencies 1130/1252 modules
<s> [webpack.Progress] 39% building 8/15 entries 4932/4996 dependencies 1131/1252 modules
<s> [webpack.Progress] 43% building 9/15 entries 4932/4996 dependencies 1132/1252 modules
<s> [webpack.Progress] 46% building 10/15 entries 4932/4996 dependencies 1133/1252 modules
<s> [webpack.Progress] 50% building 11/15 entries 4932/4996 dependencies 1134/1252 modules
<s> [webpack.Progress] 50% building 11/15 entries 5300/5382 dependencies 1222/1355 modules
<s> [webpack.Progress] 54% building 12/15 entries 5491/5499 dependencies 1371/1406 modules
<s> [webpack.Progress] 57% building 13/15 entries 5511/5511 dependencies 1396/1416 modules
<s> [webpack.Progress] 61% building 14/15 entries 5511/5511 dependencies 1397/1416 modules
<s> [webpack.Progress] 64% building 15/15 entries 5516/5516 dependencies 1416/1416 modules
<s> [webpack.Progress] 65% building
<s> [webpack.Progress] 69% building finish
<s> [webpack.Progress] 69% building finish
<s> [webpack.Progress] 70% sealing finish module graph
<s> [webpack.Progress] 70% sealing finish module graph ResolverCachePlugin
<s> [webpack.Progress] 70% sealing finish module graph InferAsyncModulesPlugin
<s> [webpack.Progress] 70% sealing finish module graph FlagDependencyExportsPlugin
<s> [webpack.Progress] 70% sealing finish module graph InnerGraphPlugin
<s> [webpack.Progress] 70% sealing finish module graph WasmFinalizeExportsPlugin
<s> [webpack.Progress] 70% sealing finish module graph
<s> [webpack.Progress] 70% sealing plugins
<s> [webpack.Progress] 70% sealing plugins WarnCaseSensitiveModulesPlugin
<s> [webpack.Progress] 70% sealing plugins
<s> [webpack.Progress] 71% sealing dependencies optimization
<s> [webpack.Progress] 71% sealing dependencies optimization SideEffectsFlagPlugin
<s> [webpack.Progress] 71% sealing dependencies optimization FlagDependencyUsagePlugin
<s> [webpack.Progress] 71% sealing dependencies optimization
<s> [webpack.Progress] 71% sealing after dependencies optimization
<s> [webpack.Progress] 71% sealing after dependencies optimization
<s> [webpack.Progress] 72% sealing chunk graph
<s> [webpack.Progress] 72% sealing chunk graph
<s> [webpack.Progress] 73% sealing after chunk graph
<s> [webpack.Progress] 73% sealing after chunk graph
<s> [webpack.Progress] 73% sealing optimizing
<s> [webpack.Progress] 73% sealing optimizing
<s> [webpack.Progress] 74% sealing module optimization
<s> [webpack.Progress] 74% sealing module optimization
<s> [webpack.Progress] 75% sealing after module optimization
<s> [webpack.Progress] 75% sealing after module optimization
<s> [webpack.Progress] 75% sealing chunk optimization
<s> [webpack.Progress] 75% sealing chunk optimization EnsureChunkConditionsPlugin
<s> [webpack.Progress] 75% sealing chunk optimization RemoveEmptyChunksPlugin
<s> [webpack.Progress] 75% sealing chunk optimization MergeDuplicateChunksPlugin
<s> [webpack.Progress] 75% sealing chunk optimization SplitChunksPlugin
<s> [webpack.Progress] 75% sealing chunk optimization RemoveEmptyChunksPlugin
<s> [webpack.Progress] 75% sealing chunk optimization
<s> [webpack.Progress] 76% sealing after chunk optimization
<s> [webpack.Progress] 76% sealing after chunk optimization
<s> [webpack.Progress] 77% sealing module and chunk tree optimization
<s> [webpack.Progress] 77% sealing module and chunk tree optimization PersistentChildCompilerSingletonPlugin
<s> [webpack.Progress] 77% sealing module and chunk tree optimization
<s> [webpack.Progress] 77% sealing after module and chunk tree optimization
<s> [webpack.Progress] 77% sealing after module and chunk tree optimization
<s> [webpack.Progress] 78% sealing chunk modules optimization
<s> [webpack.Progress] 78% sealing chunk modules optimization ModuleConcatenationPlugin
<s> [webpack.Progress] 78% sealing chunk modules optimization
<s> [webpack.Progress] 78% sealing after chunk modules optimization
<s> [webpack.Progress] 78% sealing after chunk modules optimization
<s> [webpack.Progress] 79% sealing module reviving
<s> [webpack.Progress] 79% sealing module reviving RecordIdsPlugin
<s> [webpack.Progress] 79% sealing module reviving
<s> [webpack.Progress] 80% sealing before module ids
<s> [webpack.Progress] 80% sealing before module ids
<s> [webpack.Progress] 80% sealing module ids
<s> [webpack.Progress] 80% sealing module ids DeterministicModuleIdsPlugin
<s> [webpack.Progress] 80% sealing module ids
<s> [webpack.Progress] 81% sealing module id optimization
<s> [webpack.Progress] 81% sealing module id optimization
<s> [webpack.Progress] 82% sealing module id optimization
<s> [webpack.Progress] 82% sealing module id optimization
<s> [webpack.Progress] 82% sealing chunk reviving
<s> [webpack.Progress] 82% sealing chunk reviving RecordIdsPlugin
<s> [webpack.Progress] 82% sealing chunk reviving
<s> [webpack.Progress] 83% sealing before chunk ids
<s> [webpack.Progress] 83% sealing before chunk ids
<s> [webpack.Progress] 84% sealing chunk ids
<s> [webpack.Progress] 84% sealing chunk ids DeterministicChunkIdsPlugin
<s> [webpack.Progress] 84% sealing chunk ids
<s> [webpack.Progress] 84% sealing chunk id optimization
<s> [webpack.Progress] 84% sealing chunk id optimization FlagIncludedChunksPlugin
<s> [webpack.Progress] 84% sealing chunk id optimization
<s> [webpack.Progress] 85% sealing after chunk id optimization
<s> [webpack.Progress] 85% sealing after chunk id optimization
<s> [webpack.Progress] 86% sealing record modules
<s> [webpack.Progress] 86% sealing record modules RecordIdsPlugin
<s> [webpack.Progress] 86% sealing record modules
<s> [webpack.Progress] 86% sealing record chunks
<s> [webpack.Progress] 86% sealing record chunks RecordIdsPlugin
<s> [webpack.Progress] 86% sealing record chunks
<s> [webpack.Progress] 87% sealing module hashing
<s> [webpack.Progress] 87% sealing module hashing
<s> [webpack.Progress] 87% sealing code generation
<s> [webpack.Progress] 87% sealing code generation
<s> [webpack.Progress] 88% sealing runtime requirements
<s> [webpack.Progress] 88% sealing runtime requirements
<s> [webpack.Progress] 89% sealing hashing
<s> [webpack.Progress] 89% sealing hashing
<s> [webpack.Progress] 89% sealing after hashing
<s> [webpack.Progress] 89% sealing after hashing
<s> [webpack.Progress] 90% sealing record hash
<s> [webpack.Progress] 90% sealing record hash
<s> [webpack.Progress] 91% sealing module assets processing
<s> [webpack.Progress] 91% sealing module assets processing
<s> [webpack.Progress] 91% sealing chunk assets processing
<s> [webpack.Progress] 91% sealing chunk assets processing
<s> [webpack.Progress] 92% sealing asset processing
<s> [webpack.Progress] 92% sealing asset processing copy-webpack-plugin
<s> [webpack.Progress] 92% sealing asset processing PersistentChildCompilerSingletonPlugin
<s> [webpack.Progress] 92% sealing asset processing TerserPlugin
<s> [webpack.Progress] 92% sealing asset processing SourceMapDevToolPlugin
<s> [webpack.Progress] 92% sealing asset processing SourceMapDevToolPlugin
<s> [webpack.Progress] 92% sealing asset processing SourceMapDevToolPlugin main.da729a5c.iframe.bundle.js generate SourceMap
<s> [webpack.Progress] 92% sealing asset processing SourceMapDevToolPlugin main.da729a5c.iframe.bundle.js generated SourceMap
<s> [webpack.Progress] 92% sealing asset processing SourceMapDevToolPlugin runtime~main.a2ac4f68.iframe.bundle.js generate SourceMap
<s> [webpack.Progress] 92% sealing asset processing SourceMapDevToolPlugin runtime~main.a2ac4f68.iframe.bundle.js generated SourceMap
<s> [webpack.Progress] 92% sealing asset processing SourceMapDevToolPlugin 90.7713abe4.iframe.bundle.js generate SourceMap
<s> [webpack.Progress] 92% sealing asset processing SourceMapDevToolPlugin 90.7713abe4.iframe.bundle.js generated SourceMap
<s> [webpack.Progress] 92% sealing asset processing SourceMapDevToolPlugin 913.2bedac0e.iframe.bundle.js generate SourceMap
<s> [webpack.Progress] 92% sealing asset processing SourceMapDevToolPlugin 913.2bedac0e.iframe.bundle.js generated SourceMap
<s> [webpack.Progress] 92% sealing asset processing SourceMapDevToolPlugin 881.d82aa568.iframe.bundle.js generate SourceMap
<s> [webpack.Progress] 92% sealing asset processing SourceMapDevToolPlugin 881.d82aa568.iframe.bundle.js generated SourceMap
<s> [webpack.Progress] 92% sealing asset processing SourceMapDevToolPlugin 459.7b22b43a.iframe.bundle.js generate SourceMap
<s> [webpack.Progress] 92% sealing asset processing SourceMapDevToolPlugin 459.7b22b43a.iframe.bundle.js generated SourceMap
<s> [webpack.Progress] 92% sealing asset processing SourceMapDevToolPlugin 331.cfa6e87f.iframe.bundle.js generate SourceMap
<s> [webpack.Progress] 92% sealing asset processing SourceMapDevToolPlugin 331.cfa6e87f.iframe.bundle.js generated SourceMap
<s> [webpack.Progress] 92% sealing asset processing SourceMapDevToolPlugin 974.23817c46.iframe.bundle.js generate SourceMap
<s> [webpack.Progress] 92% sealing asset processing SourceMapDevToolPlugin 974.23817c46.iframe.bundle.js generated SourceMap
<s> [webpack.Progress] 92% sealing asset processing SourceMapDevToolPlugin resolve sources
<s> [webpack.Progress] 92% sealing asset processing SourceMapDevToolPlugin main.da729a5c.iframe.bundle.js attach SourceMap
<s> [webpack.Progress] 92% sealing asset processing SourceMapDevToolPlugin main.da729a5c.iframe.bundle.js attached SourceMap
<s> [webpack.Progress] 92% sealing asset processing SourceMapDevToolPlugin runtime~main.a2ac4f68.iframe.bundle.js attach SourceMap
<s> [webpack.Progress] 92% sealing asset processing SourceMapDevToolPlugin runtime~main.a2ac4f68.iframe.bundle.js attached SourceMap
<s> [webpack.Progress] 92% sealing asset processing SourceMapDevToolPlugin 90.7713abe4.iframe.bundle.js attach SourceMap
<s> [webpack.Progress] 92% sealing asset processing SourceMapDevToolPlugin 90.7713abe4.iframe.bundle.js attached SourceMap
<s> [webpack.Progress] 92% sealing asset processing SourceMapDevToolPlugin 913.2bedac0e.iframe.bundle.js attach SourceMap
<s> [webpack.Progress] 92% sealing asset processing SourceMapDevToolPlugin 913.2bedac0e.iframe.bundle.js attached SourceMap
<s> [webpack.Progress] 92% sealing asset processing SourceMapDevToolPlugin 881.d82aa568.iframe.bundle.js attach SourceMap
<s> [webpack.Progress] 92% sealing asset processing SourceMapDevToolPlugin 881.d82aa568.iframe.bundle.js attached SourceMap
<s> [webpack.Progress] 92% sealing asset processing SourceMapDevToolPlugin 459.7b22b43a.iframe.bundle.js attach SourceMap
<s> [webpack.Progress] 92% sealing asset processing SourceMapDevToolPlugin 459.7b22b43a.iframe.bundle.js attached SourceMap
<s> [webpack.Progress] 92% sealing asset processing SourceMapDevToolPlugin 331.cfa6e87f.iframe.bundle.js attach SourceMap
<s> [webpack.Progress] 92% sealing asset processing SourceMapDevToolPlugin 331.cfa6e87f.iframe.bundle.js attached SourceMap
<s> [webpack.Progress] 92% sealing asset processing SourceMapDevToolPlugin 974.23817c46.iframe.bundle.js attach SourceMap
<s> [webpack.Progress] 92% sealing asset processing SourceMapDevToolPlugin 974.23817c46.iframe.bundle.js attached SourceMap
<s> [webpack.Progress] 92% sealing asset processing SourceMapDevToolPlugin
<s> [webpack.Progress] 92% sealing asset processing SourceMapDevToolPlugin
<s> [webpack.Progress] 92% sealing asset processing SourceMapDevToolPlugin resolve sources
<s> [webpack.Progress] 92% sealing asset processing SourceMapDevToolPlugin
<s> [webpack.Progress] 92% sealing asset processing HtmlWebpackPlugin
<s> [webpack.Progress] 92% sealing asset processing HtmlWebpackPlugin
<s> [webpack.Progress] 92% sealing asset processing HtmlWebpackPlugin resolve sources
<s> [webpack.Progress] 92% sealing asset processing HtmlWebpackPlugin
<s> [webpack.Progress] 92% sealing asset processing RealContentHashPlugin
<s> [webpack.Progress] 92% sealing asset processing RealContentHashPlugin
<s> [webpack.Progress] 92% sealing asset processing RealContentHashPlugin resolve sources
<s> [webpack.Progress] 92% sealing asset processing RealContentHashPlugin
<s> [webpack.Progress] 92% sealing asset processing AnyComponentStyleBudgetChecker
<s> [webpack.Progress] 92% sealing asset processing
<s> [webpack.Progress] 93% sealing after asset optimization
<s> [webpack.Progress] 93% sealing after asset optimization
<s> [webpack.Progress] 93% sealing recording
<s> [webpack.Progress] 93% sealing recording
<s> [webpack.Progress] 94% sealing after seal
<s> [webpack.Progress] 94% sealing after seal
<s> [webpack.Progress] 95% emitting emit
<s> [webpack.Progress] 95% emitting emit fork-ts-checker-webpack-plugin
<s> [webpack.Progress] 95% emitting emit
<s> [webpack.Progress] 98% emitting after emit
<s> [webpack.Progress] 98% emitting after emit SizeLimitsPlugin
<s> [webpack.Progress] 98% emitting after emit
<s> [webpack.Progress] 99% done plugins
<s> [webpack.Progress] 99% done plugins CaseSensitivePathsPlugin
<s> [webpack.Progress] 99% done plugins fork-ts-checker-webpack-plugin
<s> [webpack.Progress] 99% done plugins fork-ts-checker-webpack-plugin
<s> [webpack.Progress] 99% done plugins
<s> [webpack.Progress] 99% 

<s> [webpack.Progress] 99% cache store build dependencies
<s> [webpack.Progress] 99% cache store build dependencies
<s> [webpack.Progress] 99% cache begin idle
<s> [webpack.Progress] 99% cache begin idle
<s> [webpack.Progress] 100% 

info => Preview built (1.48 min)
WARN System.import() is deprecated and will be removed soon. Use import() instead.
WARN For more info visit https://webpack.js.org/guides/code-splitting/
WARN System.import() is deprecated and will be removed soon. Use import() instead.
WARN For more info visit https://webpack.js.org/guides/code-splitting/
WARN asset size limit: The following asset(s) exceed the recommended size limit (244 KiB).
WARN This can impact web performance.
WARN Assets: 
WARN   974.ff1dd3df.iframe.bundle.js (3.86 MiB)
WARN entrypoint size limit: The following entrypoint(s) combined asset size exceeds the recommended limit (244 KiB). This can impact web performance.
WARN Entrypoints:
WARN   main (3.93 MiB)
WARN       runtime~main.889bcfa1.iframe.bundle.js
WARN       974.ff1dd3df.iframe.bundle.js
WARN       main.33d6a8d1.iframe.bundle.js
WARN 
info => Output directory: /var/folders/n3/1p2ss0v945d8n5p1sp05kjvw0000gn/T/chromatic--6689-37AfsEEssCf0
